<?xml version="1.0" encoding="UTF-8"?>
<testsuite name="All Test"
           tests="5"
           failures="0"
           errors="0"
           skipped="0"
           time="10.885">
  <properties />
  
  
            <testcase name="bankManagerShouldAddCustomerSuccessfully" time="0.993" classname="com.bank.testsuite.BankTest" />
                <testcase name="bankManagerShouldOpenAccountSuccessfully" time="2.008" classname="com.bank.testsuite.BankTest" />
                <testcase name="customerShouldDepositMoneySuccessfully" time="3.175" classname="com.bank.testsuite.BankTest" />
                <testcase name="customerShouldLoginAndLogoutSuccessfully" time="1.399" classname="com.bank.testsuite.BankTest" />
                <testcase name="customerShouldWithdrawMoneySuccessfully" time="3.310" classname="com.bank.testsuite.BankTest" />
      
</testsuite>
