<?xml version="1.0" encoding="UTF-8"?>
<!-- Generated by org.testng.reporters.JUnitXMLReporter -->
<testsuite hostname="LAPTOP-39B32HH7" ignored="0" name="All Test" tests="5" failures="0" timestamp="03 Dec 2020 21:09:58 GMT" time="48.281" errors="0">
  <testcase name="bankManagerShouldAddCustomerSuccessfully" time="0.684" classname="com.bank.testsuite.BankTest"/>
  <testcase name="bankManagerShouldOpenAccountSuccessfully" time="1.948" classname="com.bank.testsuite.BankTest"/>
  <testcase name="customerShouldDepositMoneySuccessfully" time="2.898" classname="com.bank.testsuite.BankTest"/>
  <testcase name="customerShouldLoginAndLogoutSuccessfully" time="1.111" classname="com.bank.testsuite.BankTest"/>
  <testcase name="customerShouldWithdrawMoneySuccessfully" time="3.453" classname="com.bank.testsuite.BankTest"/>
</testsuite> <!-- All Test -->
